1011
1020
1024
1025
1062
1074
1087
1091
11
1109
1123
1140
1140
115
1153
1163
1180
1188
1192
1206
1206
1208
1218
1229
1240
1250
1254
1288
1292
1366
1372
1377
1386
1406
1420
1423
1423
1462
1470
1507
1543
1548
1549
1554
1559
156
157
158
1593
1593
1604
1605
1605
1619
1623
1626
1634
1634
1635
1638
164
1642
1645
1665
1667
1673
1682
1685
174
1742
1742
1745
1769
178
1784
1797
181
1818
1830
1830
1836
1858
1862
1863
1874
1900
1906
192
1953
197
1992
1998
20
202
2038
205
2055
2073
2076
2084
2108
2117
2132
2137
215
2151
2171
2186
2188
2219
2223
2226
2228
2242
227
2273
2283
232
2335
2387
239
240
2412
2415
2415
2416
2440
2443
2445
2445
2456
2456
2457
2462
2469
2481
2485
2496
2500
2505
2506
2516
2524
2539
2548
255
2575
2586
2591
2637
2639
2644
2646
2656
266
2670
2675
2681
2682
2691
2702
2706
2707
2726
2728
2734
2742
2755
2757
2781
2794
2802
2805
2823
2824
2831
2841
2869
2883
29
2907
2915
2927
2928
2942
2944
2947
2954
2955
2956
2962
2967
2967
2970
2983
2990
2995
301
3013
3015
302
302
3034
3037
3041
3041
3054
3069
3082
3099
3100
3100
3112
3113
312
313
313
3133
3136
3150
3153
3157
3158
3194
3197
3241
3244
3250
3251
3261
3262
3287
3290
3297
3303
3303
3310
3313
332
3322
3324
3329
333
3330
335
3351
3359
3373
3390
340
3414
3419
3422
3437
3440
3447
3452
3459
3464
3467
3471
3472
3488
3502
3503
3521
354
3571
3577
3579
3588
3598
3601
3613
362
3620
3620
3630
3635
3639
364
3650
3658
3673
3685
3686
3689
370
3701
3706
3710
3713
3724
3731
3733
3741
376
3773
3774
379
3793
3820
3831
3835
3838
3838
3843
3849
3858
388
3890
3899
3902
3921
394
395
3982
3983
3983
3987
399
4002
4006
4011
4013
405
405
4051
4053
4058
4058
4059
4059
4076
4082
4089
4093
4104
4108
4132
4147
4148
4156
4166
4188
419
4210
4217
4219
4236
4241
4245
4289
4290
4291
4296
4298
4303
4308
4309
4311
4323
4327
4345
435
4370
4404
4407
4413
444
4446
4455
446
4463
4471
4481
4481
4489
449
449
4501
451
4518
4533
4535
4538
4540
4546
4552
4555
4555
4577
4577
4590
460
4602
4615
4620
4642
4643
4648
4661
4680
4683
4694
4695
4703
4704
4706
4710
4716
472
4744
4754
4761
4781
4785
4793
4793
4798
4809
4812
4824
4845
485
4858
4859
4864
4867
4881
4882
4893
4899
4908
4912
4922
4922
4923
493
4943
4946
4947
4966
4966
498
4982
4986
4987
5002
5017
5039
5040
5042
5054
5061
5074
5097
5134
5157
5173
5175
5182
5187
5188
5189
5196
5202
5219
5221
5233
5238
5249
5254
5255
5257
5269
5279
5280
5281
5294
531
5322
5324
5330
5331
5338
5341
5347
5352
5361
5364
538
5382
5387
5391
5397
5403
5409
5413
5420
5425
5426
5439
5455
546
547
5491
5498
55
5504
5515
5542
5554
5554
5570
5585
5589
5602
5605
5606
5626
5633
5648
5653
5654
57
570
570
5700
5712
5764
5771
5771
5775
5780
58
5819
5841
5844
5846
5848
5854
5860
5873
5881
5884
5885
5890
590
5901
5901
5904
5924
5927
5933
5939
5940
5951
5962
5972
5998
6003
6029
6096
611
6125
6127
613
6142
6152
6164
6199
6199
6200
6209
6228
6235
6243
6245
625
6253
6253
6263
6270
6273
6298
6305
632
6348
6356
6365
6375
6378
6398
6406
6428
6433
6445
6446
6459
649
65
651
6524
6529
6530
6532
6534
654
6543
6567
657
6575
6583
6587
660
660
6601
6644
6662
6668
667
668
6680
669
6696
6714
6728
673
6735
6737
6754
6757
6764
6773
6787
6792
6796
680
6815
6821
6832
6842
685
6863
6876
6888
6902
6904
6924
6928
6931
6932
6935
6955
6959
6962
6964
6965
6965
6971
6976
6978
7015
7046
7058
7068
7074
7082
7099
7106
7108
7128
7136
7138
715
7157
7161
7163
7165
7193
7196
7205
7218
7218
7226
723
724
7246
725
7252
7258
7258
7266
7271
7283
7287
7288
7301
7310
7316
7325
7327
7335
7362
7373
7373
7393
74
7402
7409
7416
7418
7420
7433
7433
7450
7456
7473
7475
7483
7491
7503
751
7529
7533
7543
7547
7553
7576
7578
7586
7599
760
7601
7604
7604
7606
7612
7631
7636
7642
7660
7668
7701
7732
7739
7750
7752
7774
7784
7788
7801
7803
7809
7824
7829
7833
7848
7857
7862
7877
7885
7888
7889
7891
7912
7916
7918
7922
7925
7936
7952
7953
7955
7966
7973
7989
8010
8044
8045
8053
8056
8071
8091
8094
8106
8110
8110
8122
8129
8176
8184
8187
8203
8203
8222
8223
8226
823
8238
8255
8258
8264
8264
8278
8291
8306
8310
8316
832
8321
8323
8324
8331
8337
8338
834
8340
8344
8351
8352
8353
8354
8382
8412
8419
8424
8443
8444
8472
848
8492
8501
8503
8510
8514
8515
8518
8534
8556
8576
859
8591
8594
8597
8598
8605
8607
8617
862
8627
863
8635
8648
865
8659
867
8679
8705
8706
8708
8727
874
8753
8763
8770
8779
8796
8798
8800
8803
8807
8815
8827
8830
8847
8850
8860
8861
887
8870
8878
8885
8902
891
8932
8937
8945
8969
9015
9018
902
9032
9036
9064
9065
9078
9083
9088
9096
9096
9106
911
9110
9115
9118
9120
9120
9127
9132
9139
9146
9158
9179
9206
9236
9241
9246
9246
9250
9267
9267
9268
9270
9275
9276
9276
9278
9285
9295
9297
9298
9305
9306
9309
9311
9320
9321
9335
935
9361
9372
9401
9402
9403
9403
9421
9429
9433
9436
9440
9444
9448
9451
9462
9476
9546
9548
9557
9565
9568
9628
963
9642
9649
9653
9656
9678
9694
9700
9702
9705
9705
9712
9770
9786
9792
9806
9822
9825
9829
983
9842
9855
9871
9892
9896
9910
9912
9916
9920
993
9938
994
9948
9949
9953
9955
9998
